[07/28/2022 12:39:59] Debug: Session id: 1c0c8ea1-22d2-4d17-9694-aa887f8a4590
[07/28/2022 12:39:59] Debug: Code Processor information: Name :SnowConvert, Version: 7.11.15.0
[07/28/2022 12:40:00] Debug: Getting license
[07/28/2022 12:40:00] Debug: License information
	Status: Failed
	Message: No active license available.
[07/28/2022 12:40:00] Info: Starting to validate parameters
[07/28/2022 12:40:00] Info: Parameters to validate: 
	Execution mode: Conversion
	LICENSE_KEY: a3372138-b87e-4a08-b929-3b48b24c63f1
[07/28/2022 12:40:00] Info: Validation of parameters: Success
[07/28/2022 12:40:00] Debug: Getting code descriptor
[07/28/2022 12:40:00] Debug: Code descriptor information
	Units: 51
	Units type: LOC
	All file bytes: 2141
	All found extensions: .sql,.dml,.ddl,.bteq,.btq,.fl,.fload,.ml,.mload,.mld,.tp,.tpump,.tpt
[07/28/2022 12:40:00] Debug: Calculating fingerprint
[07/28/2022 12:40:00] Debug: Fingerprint information Fingerprint(size=2141,projects=1)
[07/28/2022 12:40:00] Info: Starting to try to validate online license for execution
[07/28/2022 12:40:01] Debug: Getting license
[07/28/2022 12:40:01] Debug: License information
	Status: Failed
	Message: No active license available.
[07/28/2022 12:40:01] Debug: Starting the execution of the controller
[07/28/2022 12:40:02] Debug: Executing the worker: SnowConvert
[07/28/2022 12:40:18] Debug: Finished executing the worker: SnowConvert
[07/28/2022 12:40:20] Info: Controller execution ended
